<?xml version="1.0" encoding="UTF-8"?>
<!-- Generated by org.testng.reporters.JUnitReportReporter -->
<testsuite hostname="DESKTOP-2T3JQGJ" failures="0" tests="1" name="com.cmd.Vikram.SmokeTC_07" time="9.024" errors="0" timestamp="2023-03-17T15:36:58 IST" skipped="0">
  <testcase classname="com.cmd.Vikram.SmokeTC_07" name="editLocation" time="9.024"/>
  <system-out/>
</testsuite> <!-- com.cmd.Vikram.SmokeTC_07 -->
