<?xml version="1.0" encoding="UTF-8"?>
<!-- Generated by org.testng.reporters.JUnitReportReporter -->
<testsuite hostname="ACSIPL-54" failures="0" tests="1" name="com.cmd.Rana.Expirations_mailSendnotify" time="17.603" errors="0" timestamp="2023-03-15T11:31:54 IST" skipped="0">
  <testcase classname="com.cmd.Rana.Expirations_mailSendnotify" name="sendMail" time="17.603"/>
  <system-out>
    <![CDATA[Successfully Mail Sent]]>
  </system-out>
</testsuite> <!-- com.cmd.Rana.Expirations_mailSendnotify -->
