<?xml version="1.0" encoding="UTF-8"?>
<!-- Generated by org.testng.reporters.JUnitReportReporter -->
<testsuite hostname="DESKTOP-2T3JQGJ" failures="0" tests="1" name="com.cmd.Vikram.SmokeTC_13" time="10.482" errors="0" timestamp="2023-03-23T14:11:52 IST" skipped="0">
  <testcase classname="com.cmd.Vikram.SmokeTC_13" name="createTaskInPDS" time="10.482"/>
  <system-out/>
</testsuite> <!-- com.cmd.Vikram.SmokeTC_13 -->
