<?xml version="1.0" encoding="UTF-8"?>
<!-- Generated by org.testng.reporters.JUnitReportReporter -->
<testsuite hostname="ACSIPL-54" failures="0" tests="1" name="com.cmd.Rana.Payer_Setting" time="46.160" errors="0" timestamp="2023-03-15T11:33:40 IST" skipped="0">
  <testcase classname="com.cmd.Rana.Payer_Setting" name="payerSetting" time="46.160"/>
  <system-out/>
</testsuite> <!-- com.cmd.Rana.Payer_Setting -->
