<?xml version="1.0" encoding="UTF-8"?>
<!-- Generated by org.testng.reporters.JUnitReportReporter -->
<testsuite hostname="DESKTOP-2T3JQGJ" failures="0" tests="1" name="com.cmd.Vikram.SmokeTC_14" time="10.917" errors="0" timestamp="2023-03-24T11:51:39 IST" skipped="0">
  <testcase classname="com.cmd.Vikram.SmokeTC_14" name="editTask" time="10.917"/>
  <system-out/>
</testsuite> <!-- com.cmd.Vikram.SmokeTC_14 -->
