<?xml version="1.0" encoding="UTF-8"?>
<!-- Generated by org.testng.reporters.JUnitReportReporter -->
<testsuite hostname="ACSIPL-54" failures="0" tests="1" name="com.cmd.Rana.Add_Note" time="28.565" errors="0" timestamp="2023-06-23T10:47:13 IST" skipped="0">
  <testcase classname="com.cmd.Rana.Add_Note" name="addNote" time="28.565"/>
  <system-out>
    <![CDATA[Successfully added note]]>
  </system-out>
</testsuite> <!-- com.cmd.Rana.Add_Note -->
