<?xml version="1.0" encoding="UTF-8"?>
<!-- Generated by org.testng.reporters.JUnitReportReporter -->
<testsuite hostname="ACSIPL-54" failures="0" tests="1" name="com.cmd.Vikram.SmokeTC_12" time="18.049" errors="0" timestamp="2023-03-20T11:11:28 IST" skipped="0">
  <testcase classname="com.cmd.Vikram.SmokeTC_12" name="editNoteInPreDefSel" time="18.049"/>
  <system-out/>
</testsuite> <!-- com.cmd.Vikram.SmokeTC_12 -->
