<?xml version="1.0" encoding="UTF-8"?>
<!-- Generated by org.testng.reporters.JUnitReportReporter -->
<testsuite hostname="ACSIPL-54" failures="0" tests="1" name="com.cmd.Rana.Add_user" time="18.561" errors="0" timestamp="2023-06-23T10:47:53 IST" skipped="0">
  <testcase classname="com.cmd.Rana.Add_user" name="addUser" time="18.561"/>
  <system-out>
    <![CDATA[Successfully add user]]>
  </system-out>
</testsuite> <!-- com.cmd.Rana.Add_user -->
