<?xml version="1.0" encoding="UTF-8"?>
<!-- Generated by org.testng.reporters.JUnitReportReporter -->
<testsuite hostname="ACSIPL-54" failures="0" tests="1" name="com.cmd.Rana.ExpirationWeekly" time="19.625" errors="0" timestamp="2023-06-23T11:07:53 IST" skipped="0">
  <testcase classname="com.cmd.Rana.ExpirationWeekly" name="weeklyExpiration" time="19.625"/>
  <system-out/>
</testsuite> <!-- com.cmd.Rana.ExpirationWeekly -->
