<?xml version="1.0" encoding="UTF-8"?>
<!-- Generated by org.testng.reporters.JUnitReportReporter -->
<testsuite hostname="ACSIPL-54" failures="0" tests="1" name="com.cmd.Rana.Payer_Setting" time="44.179" errors="0" timestamp="2023-06-23T11:08:59 IST" skipped="0">
  <testcase classname="com.cmd.Rana.Payer_Setting" name="payerSetting" time="44.179"/>
  <system-out/>
</testsuite> <!-- com.cmd.Rana.Payer_Setting -->
