<?xml version="1.0" encoding="UTF-8"?>
<!-- Generated by org.testng.reporters.JUnitReportReporter -->
<testsuite hostname="DESKTOP-2T3JQGJ" failures="0" tests="1" name="com.cmd.Vikram.SmokeTC_08" time="17.433" errors="0" timestamp="2023-03-16T16:31:48 IST" skipped="0">
  <testcase classname="com.cmd.Vikram.SmokeTC_08" name="editProvider" time="17.433"/>
  <system-out/>
</testsuite> <!-- com.cmd.Vikram.SmokeTC_08 -->
