<?xml version="1.0" encoding="UTF-8"?>
<!-- Generated by org.testng.reporters.JUnitReportReporter -->
<testsuite hostname="DESKTOP-2T3JQGJ" failures="0" tests="1" name="com.cmd.Vikram.SmokeTC_11" time="9.378" errors="0" timestamp="2023-03-23T10:43:47 IST" skipped="0">
  <testcase classname="com.cmd.Vikram.SmokeTC_11" name="predefinedSelection" time="9.378"/>
  <system-out/>
</testsuite> <!-- com.cmd.Vikram.SmokeTC_11 -->
