<?xml version="1.0" encoding="UTF-8"?>
<!-- Generated by org.testng.reporters.JUnitReportReporter -->
<testsuite hostname="DESKTOP-2T3JQGJ" failures="0" tests="1" name="com.cmd.Vikram.SmokeTC_12" time="11.139" errors="0" timestamp="2023-03-24T10:05:45 IST" skipped="0">
  <testcase classname="com.cmd.Vikram.SmokeTC_12" name="editNoteInPreDefSel" time="11.139"/>
  <system-out/>
</testsuite> <!-- com.cmd.Vikram.SmokeTC_12 -->
