<?xml version="1.0" encoding="UTF-8"?>
<!-- Generated by org.testng.reporters.JUnitReportReporter -->
<testsuite hostname="ACSIPL-54" failures="0" tests="1" name="list.Nvidia" time="43.389" errors="0" timestamp="2024-05-29T14:52:24 IST" skipped="0">
  <testcase classname="list.Nvidia" name="getSpeakerInfo" time="43.389"/>
  <system-out/>
</testsuite> <!-- list.Nvidia -->
