<?xml version="1.0" encoding="UTF-8"?>
<!-- Generated by org.testng.reporters.JUnitReportReporter -->
<testsuite hostname="DESKTOP-2T3JQGJ" failures="0" tests="1" name="com.cmd.Vikram.SmokeTC_15" time="13.813" errors="0" timestamp="2023-03-24T15:40:51 IST" skipped="0">
  <testcase classname="com.cmd.Vikram.SmokeTC_15" name="editEmailTemplates" time="13.813"/>
  <system-out/>
</testsuite> <!-- com.cmd.Vikram.SmokeTC_15 -->
