<?xml version="1.0" encoding="UTF-8"?>
<!-- Generated by org.testng.reporters.JUnitReportReporter -->
<testsuite hostname="ACSIPL-06" failures="0" tests="1" name="com.cps.OrangeHRM.Demo4" time="1.393" errors="0" timestamp="2023-03-16T17:54:19 IST" skipped="0">
  <testcase classname="com.cps.OrangeHRM.Demo4" name="m1" time="1.393"/>
  <system-out/>
</testsuite> <!-- com.cps.OrangeHRM.Demo4 -->
